<?xml version="1.0" encoding="UTF-8"?>
<!-- Generated by org.testng.reporters.JUnitXMLReporter -->
<testsuite ignored="1" hostname="DESKTOP-CN9J5GB" failures="1" tests="4" name="Test" time="329.709" errors="0" timestamp="2024-12-16T21:35:16 IST">
  <testcase classname="test_Cases.Admin_Player_Details" name="genenalInfoDisplay" time="56.088"/>
  <testcase classname="test_Cases.Admin_Player_Details" name="championshipHistoryDisplays" time="28.091"/>
  <testcase classname="test_Cases.Admin_Player_Details" name="saveChangesCTA" time="73.435"/>
  <testcase classname="test_Cases.Admin_Player_Details" name="statusAndFlagDisplays" time="146.732">
    <failure type="org.openqa.selenium.ElementClickInterceptedException" message="element click intercepted: Element &amp;lt;svg xmlns=&amp;quot;http://www.w3.org/2000/svg&amp;quot; width=&amp;quot;24px&amp;quot; height=&amp;quot;24px&amp;quot; class=&amp;quot;Icon__TrashIcon-sc-1b8stld-9 cSWdba&amp;quot;&amp;gt;...&amp;lt;/svg&amp;gt; is not clickable at point (1202, 42). Other element would receive the click: &amp;lt;div class=&amp;quot;components__Text-sc-1if6yln-0 iExwTm&amp;quot;&amp;gt;...&amp;lt;/div&amp;gt;
  (Session info: chrome=131.0.6778.140)
Build info: version: &amp;apos;4.26.0&amp;apos;, revision: &amp;apos;8ccf0219d7&amp;apos;
System info: os.name: &amp;apos;Windows 10&amp;apos;, os.arch: &amp;apos;amd64&amp;apos;, os.version: &amp;apos;10.0&amp;apos;, java.version: &amp;apos;23.0.1&amp;apos;
Driver info: org.openqa.selenium.chrome.ChromeDriver
Command: [45f783a81c3f4dc6c185a94600e25966, clickElement {id=f.A2AA77A38FC7BE3AD301EE66C2887D34.d.F2C71B7E89593BA1E3FDFB23FD85CDE3.e.21605}]
Capabilities {acceptInsecureCerts: false, browserName: chrome, browserVersion: 131.0.6778.140, chrome: {chromedriverVersion: 131.0.6778.108 (3b014839fbc..., userDataDir: C:\Users\SANTOS~1\AppData\L...}, fedcm:accounts: true, goog:chromeOptions: {debuggerAddress: localhost:52685}, networkConnectionEnabled: false, pageLoadStrategy: normal, platformName: windows, proxy: Proxy(), se:cdp: ws://localhost:52685/devtoo..., se:cdpVersion: 131.0.6778.140, setWindowRect: true, strictFileInteractability: false, timeouts: {implicit: 0, pageLoad: 300000, script: 30000}, unhandledPromptBehavior: dismiss and notify, webauthn:extension:credBlob: true, webauthn:extension:largeBlob: true, webauthn:extension:minPinLength: true, webauthn:extension:prf: true, webauthn:virtualAuthenticators: true}
Element: [[ChromeDriver: chrome on windows (45f783a81c3f4dc6c185a94600e25966)] -&amp;gt; xpath: (//*[@class=&amp;apos;Icon__TrashIcon-sc-1b8stld-9 cSWdba&amp;apos;])]
Session ID: 45f783a81c3f4dc6c185a94600e25966">
      <![CDATA[org.openqa.selenium.ElementClickInterceptedException: element click intercepted: Element <svg xmlns="http://www.w3.org/2000/svg" width="24px" height="24px" class="Icon__TrashIcon-sc-1b8stld-9 cSWdba">...</svg> is not clickable at point (1202, 42). Other element would receive the click: <div class="components__Text-sc-1if6yln-0 iExwTm">...</div>
  (Session info: chrome=131.0.6778.140)
Build info: version: '4.26.0', revision: '8ccf0219d7'
System info: os.name: 'Windows 10', os.arch: 'amd64', os.version: '10.0', java.version: '23.0.1'
Driver info: org.openqa.selenium.chrome.ChromeDriver
Command: [45f783a81c3f4dc6c185a94600e25966, clickElement {id=f.A2AA77A38FC7BE3AD301EE66C2887D34.d.F2C71B7E89593BA1E3FDFB23FD85CDE3.e.21605}]
Capabilities {acceptInsecureCerts: false, browserName: chrome, browserVersion: 131.0.6778.140, chrome: {chromedriverVersion: 131.0.6778.108 (3b014839fbc..., userDataDir: C:\Users\SANTOS~1\AppData\L...}, fedcm:accounts: true, goog:chromeOptions: {debuggerAddress: localhost:52685}, networkConnectionEnabled: false, pageLoadStrategy: normal, platformName: windows, proxy: Proxy(), se:cdp: ws://localhost:52685/devtoo..., se:cdpVersion: 131.0.6778.140, setWindowRect: true, strictFileInteractability: false, timeouts: {implicit: 0, pageLoad: 300000, script: 30000}, unhandledPromptBehavior: dismiss and notify, webauthn:extension:credBlob: true, webauthn:extension:largeBlob: true, webauthn:extension:minPinLength: true, webauthn:extension:prf: true, webauthn:virtualAuthenticators: true}
Element: [[ChromeDriver: chrome on windows (45f783a81c3f4dc6c185a94600e25966)] -> xpath: (//*[@class='Icon__TrashIcon-sc-1b8stld-9 cSWdba'])]
Session ID: 45f783a81c3f4dc6c185a94600e25966
at org.openqa.selenium.remote.ErrorCodec.decode(ErrorCodec.java:167)
at org.openqa.selenium.remote.codec.w3c.W3CHttpResponseCodec.decode(W3CHttpResponseCodec.java:138)
at org.openqa.selenium.remote.codec.w3c.W3CHttpResponseCodec.decode(W3CHttpResponseCodec.java:50)
at org.openqa.selenium.remote.HttpCommandExecutor.execute(HttpCommandExecutor.java:190)
at org.openqa.selenium.remote.service.DriverCommandExecutor.invokeExecute(DriverCommandExecutor.java:216)
at org.openqa.selenium.remote.service.DriverCommandExecutor.execute(DriverCommandExecutor.java:174)
at org.openqa.selenium.remote.RemoteWebDriver.execute(RemoteWebDriver.java:545)
at org.openqa.selenium.remote.RemoteWebElement.execute(RemoteWebElement.java:223)
at org.openqa.selenium.remote.RemoteWebElement.click(RemoteWebElement.java:76)
at org.openqa.selenium.support.pagefactory.internal.LocatingElementHandler.invoke(LocatingElementHandler.java:51)
at jdk.proxy2/jdk.proxy2.$Proxy32.click(Unknown Source)
at page_Object.Admin_Player_Details_Page.statusAndFlagDisplay(Admin_Player_Details_Page.java:222)
at test_Cases.Admin_Player_Details.statusAndFlagDisplays(Admin_Player_Details.java:78)
at java.base/java.util.ArrayList.forEach(ArrayList.java:1597)
... Removed 34 stack frames]]>
    </failure>
  </testcase> <!-- statusAndFlagDisplays -->
  <testcase classname="test_Cases.Admin_Player_Details" name="contactInfoDisplays" time="0.0">
    <ignored/>
  </testcase> <!-- contactInfoDisplays -->
</testsuite> <!-- Test -->
